{"/workspaces/tool/server/src/app.js": {"path":"/workspaces/tool/server/src/app.js","statementMap":{"0":{"start":{"line":1,"column":16},"end":{"line":1,"column":34}},"1":{"start":{"line":2,"column":15},"end":{"line":2,"column":32}},"2":{"start":{"line":3,"column":15},"end":{"line":3,"column":32}},"3":{"start":{"line":4,"column":13},"end":{"line":4,"column":28}},"4":{"start":{"line":5,"column":13},"end":{"line":5,"column":28}},"5":{"start":{"line":6,"column":20},"end":{"line":6,"column":45}},"6":{"start":{"line":8,"column":12},"end":{"line":8,"column":21}},"7":{"start":{"line":10,"column":0},"end":{"line":12,"column":4}},"8":{"start":{"line":13,"column":0},"end":{"line":16,"column":4}},"9":{"start":{"line":17,"column":0},"end":{"line":17,"column":24}},"10":{"start":{"line":18,"column":0},"end":{"line":18,"column":24}},"11":{"start":{"line":20,"column":19},"end":{"line":20,"column":56}},"12":{"start":{"line":21,"column":0},"end":{"line":21,"column":48}},"13":{"start":{"line":23,"column":0},"end":{"line":25,"column":3}},"14":{"start":{"line":24,"column":2},"end":{"line":24,"column":55}},"15":{"start":{"line":27,"column":0},"end":{"line":27,"column":35}},"16":{"start":{"line":30,"column":0},"end":{"line":33,"column":3}},"17":{"start":{"line":31,"column":2},"end":{"line":31,"column":21}},"18":{"start":{"line":32,"column":2},"end":{"line":32,"column":64}},"19":{"start":{"line":35,"column":0},"end":{"line":35,"column":21}}},"fnMap":{"0":{"name":"(anonymous_0)","decl":{"start":{"line":23,"column":19},"end":{"line":23,"column":20}},"loc":{"start":{"line":23,"column":34},"end":{"line":25,"column":1}},"line":23},"1":{"name":"(anonymous_1)","decl":{"start":{"line":30,"column":8},"end":{"line":30,"column":9}},"loc":{"start":{"line":30,"column":35},"end":{"line":33,"column":1}},"line":30}},"branchMap":{"0":{"loc":{"start":{"line":14,"column":10},"end":{"line":14,"column":62}},"type":"binary-expr","locations":[{"start":{"line":14,"column":10},"end":{"line":14,"column":35}},{"start":{"line":14,"column":39},"end":{"line":14,"column":62}}],"line":14}},"s":{"0":1,"1":1,"2":1,"3":1,"4":1,"5":1,"6":1,"7":1,"8":1,"9":1,"10":1,"11":1,"12":1,"13":1,"14":1,"15":1,"16":1,"17":0,"18":0,"19":1},"f":{"0":1,"1":0},"b":{"0":[1,0]},"_coverageSchema":"1a1c01bbd47fc00a2c39e90264f33305004495a9","hash":"a5d220ff173c3ad6207ddbbb15c79ac4ffd9a297"}
,"/workspaces/tool/server/src/db.js": {"path":"/workspaces/tool/server/src/db.js","statementMap":{"0":{"start":{"line":1,"column":13},"end":{"line":1,"column":28}},"1":{"start":{"line":2,"column":17},"end":{"line":2,"column":42}},"2":{"start":{"line":3,"column":22},"end":{"line":3,"column":50}},"3":{"start":{"line":5,"column":16},"end":{"line":5,"column":50}},"4":{"start":{"line":6,"column":15},"end":{"line":6,"column":49}},"5":{"start":{"line":7,"column":15},"end":{"line":7,"column":46}},"6":{"start":{"line":12,"column":2},"end":{"line":33,"column":3}},"7":{"start":{"line":13,"column":4},"end":{"line":18,"column":5}},"8":{"start":{"line":14,"column":6},"end":{"line":14,"column":44}},"9":{"start":{"line":16,"column":6},"end":{"line":16,"column":25}},"10":{"start":{"line":17,"column":6},"end":{"line":17,"column":40}},"11":{"start":{"line":19,"column":4},"end":{"line":19,"column":44}},"12":{"start":{"line":20,"column":4},"end":{"line":32,"column":7}},"13":{"start":{"line":35,"column":2},"end":{"line":35,"column":20}},"14":{"start":{"line":39,"column":2},"end":{"line":42,"column":3}},"15":{"start":{"line":40,"column":4},"end":{"line":40,"column":23}},"16":{"start":{"line":41,"column":4},"end":{"line":41,"column":27}},"17":{"start":{"line":45,"column":0},"end":{"line":49,"column":2}}},"fnMap":{"0":{"name":"getDb","decl":{"start":{"line":11,"column":9},"end":{"line":11,"column":14}},"loc":{"start":{"line":11,"column":17},"end":{"line":36,"column":1}},"line":11},"1":{"name":"closeDb","decl":{"start":{"line":38,"column":9},"end":{"line":38,"column":16}},"loc":{"start":{"line":38,"column":19},"end":{"line":43,"column":1}},"line":38}},"branchMap":{"0":{"loc":{"start":{"line":12,"column":2},"end":{"line":33,"column":3}},"type":"if","locations":[{"start":{"line":12,"column":2},"end":{"line":33,"column":3}},{"start":{},"end":{}}],"line":12},"1":{"loc":{"start":{"line":13,"column":4},"end":{"line":18,"column":5}},"type":"if","locations":[{"start":{"line":13,"column":4},"end":{"line":18,"column":5}},{"start":{"line":15,"column":11},"end":{"line":18,"column":5}}],"line":13},"2":{"loc":{"start":{"line":39,"column":2},"end":{"line":42,"column":3}},"type":"if","locations":[{"start":{"line":39,"column":2},"end":{"line":42,"column":3}},{"start":{},"end":{}}],"line":39}},"s":{"0":1,"1":1,"2":1,"3":1,"4":1,"5":1,"6":4,"7":1,"8":1,"9":0,"10":0,"11":1,"12":1,"13":4,"14":1,"15":1,"16":1,"17":1},"f":{"0":4,"1":1},"b":{"0":[1,3],"1":[1,0],"2":[1,0]},"_coverageSchema":"1a1c01bbd47fc00a2c39e90264f33305004495a9","hash":"751c6767acb34e3dc246ba58af31f6cc0366aafe"}
,"/workspaces/tool/server/src/models/fileModel.js": {"path":"/workspaces/tool/server/src/models/fileModel.js","statementMap":{"0":{"start":{"line":1,"column":23},"end":{"line":1,"column":40}},"1":{"start":{"line":2,"column":13},"end":{"line":2,"column":28}},"2":{"start":{"line":3,"column":11},"end":{"line":3,"column":24}},"3":{"start":{"line":4,"column":18},"end":{"line":4,"column":34}},"4":{"start":{"line":7,"column":13},"end":{"line":7,"column":20}},"5":{"start":{"line":8,"column":13},"end":{"line":8,"column":25}},"6":{"start":{"line":9,"column":15},"end":{"line":12,"column":4}},"7":{"start":{"line":14,"column":2},"end":{"line":22,"column":5}},"8":{"start":{"line":24,"column":2},"end":{"line":24,"column":22}},"9":{"start":{"line":28,"column":13},"end":{"line":28,"column":20}},"10":{"start":{"line":29,"column":2},"end":{"line":29,"column":64}},"11":{"start":{"line":33,"column":13},"end":{"line":33,"column":20}},"12":{"start":{"line":34,"column":2},"end":{"line":34,"column":68}},"13":{"start":{"line":38,"column":13},"end":{"line":38,"column":20}},"14":{"start":{"line":39,"column":2},"end":{"line":41,"column":16}},"15":{"start":{"line":45,"column":13},"end":{"line":45,"column":20}},"16":{"start":{"line":46,"column":15},"end":{"line":46,"column":96}},"17":{"start":{"line":47,"column":2},"end":{"line":47,"column":17}},"18":{"start":{"line":51,"column":13},"end":{"line":51,"column":20}},"19":{"start":{"line":52,"column":15},"end":{"line":52,"column":31}},"20":{"start":{"line":53,"column":2},"end":{"line":53,"column":26}},"21":{"start":{"line":53,"column":13},"end":{"line":53,"column":26}},"22":{"start":{"line":54,"column":19},"end":{"line":54,"column":58}},"23":{"start":{"line":55,"column":2},"end":{"line":57,"column":3}},"24":{"start":{"line":56,"column":4},"end":{"line":56,"column":28}},"25":{"start":{"line":58,"column":15},"end":{"line":58,"column":61}},"26":{"start":{"line":59,"column":2},"end":{"line":59,"column":17}},"27":{"start":{"line":60,"column":2},"end":{"line":60,"column":14}},"28":{"start":{"line":63,"column":0},"end":{"line":70,"column":2}}},"fnMap":{"0":{"name":"insertFile","decl":{"start":{"line":6,"column":9},"end":{"line":6,"column":19}},"loc":{"start":{"line":6,"column":74},"end":{"line":25,"column":1}},"line":6},"1":{"name":"findById","decl":{"start":{"line":27,"column":9},"end":{"line":27,"column":17}},"loc":{"start":{"line":27,"column":22},"end":{"line":30,"column":1}},"line":27},"2":{"name":"findByCode","decl":{"start":{"line":32,"column":9},"end":{"line":32,"column":19}},"loc":{"start":{"line":32,"column":26},"end":{"line":35,"column":1}},"line":32},"3":{"name":"listRecent","decl":{"start":{"line":37,"column":9},"end":{"line":37,"column":19}},"loc":{"start":{"line":37,"column":32},"end":{"line":42,"column":1}},"line":37},"4":{"name":"incrementDownload","decl":{"start":{"line":44,"column":9},"end":{"line":44,"column":26}},"loc":{"start":{"line":44,"column":33},"end":{"line":48,"column":1}},"line":44},"5":{"name":"deleteByCode","decl":{"start":{"line":50,"column":9},"end":{"line":50,"column":21}},"loc":{"start":{"line":50,"column":40},"end":{"line":61,"column":1}},"line":50}},"branchMap":{"0":{"loc":{"start":{"line":20,"column":15},"end":{"line":20,"column":31}},"type":"binary-expr","locations":[{"start":{"line":20,"column":15},"end":{"line":20,"column":23}},{"start":{"line":20,"column":27},"end":{"line":20,"column":31}}],"line":20},"1":{"loc":{"start":{"line":21,"column":14},"end":{"line":21,"column":30}},"type":"binary-expr","locations":[{"start":{"line":21,"column":14},"end":{"line":21,"column":22}},{"start":{"line":21,"column":26},"end":{"line":21,"column":30}}],"line":21},"2":{"loc":{"start":{"line":37,"column":20},"end":{"line":37,"column":30}},"type":"default-arg","locations":[{"start":{"line":37,"column":28},"end":{"line":37,"column":30}}],"line":37},"3":{"loc":{"start":{"line":53,"column":2},"end":{"line":53,"column":26}},"type":"if","locations":[{"start":{"line":53,"column":2},"end":{"line":53,"column":26}},{"start":{},"end":{}}],"line":53},"4":{"loc":{"start":{"line":55,"column":2},"end":{"line":57,"column":3}},"type":"if","locations":[{"start":{"line":55,"column":2},"end":{"line":57,"column":3}},{"start":{},"end":{}}],"line":55}},"s":{"0":1,"1":1,"2":1,"3":1,"4":1,"5":1,"6":1,"7":1,"8":1,"9":1,"10":1,"11":1,"12":1,"13":0,"14":0,"15":0,"16":0,"17":0,"18":1,"19":1,"20":1,"21":0,"22":1,"23":1,"24":1,"25":1,"26":1,"27":1,"28":1},"f":{"0":1,"1":1,"2":1,"3":0,"4":0,"5":1},"b":{"0":[1,0],"1":[1,0],"2":[0],"3":[0,1],"4":[1,0]},"_coverageSchema":"1a1c01bbd47fc00a2c39e90264f33305004495a9","hash":"a1953f42ff5c4f84590e5a90cf280499cf34944a"}
,"/workspaces/tool/server/src/routes/files.js": {"path":"/workspaces/tool/server/src/routes/files.js","statementMap":{"0":{"start":{"line":1,"column":16},"end":{"line":1,"column":34}},"1":{"start":{"line":2,"column":15},"end":{"line":2,"column":32}},"2":{"start":{"line":3,"column":13},"end":{"line":3,"column":28}},"3":{"start":{"line":4,"column":11},"end":{"line":4,"column":24}},"4":{"start":{"line":5,"column":15},"end":{"line":5,"column":32}},"5":{"start":{"line":6,"column":22},"end":{"line":6,"column":51}},"6":{"start":{"line":7,"column":30},"end":{"line":7,"column":62}},"7":{"start":{"line":8,"column":18},"end":{"line":8,"column":48}},"8":{"start":{"line":10,"column":15},"end":{"line":10,"column":38}},"9":{"start":{"line":11,"column":19},"end":{"line":11,"column":62}},"10":{"start":{"line":12,"column":0},"end":{"line":12,"column":22}},"11":{"start":{"line":14,"column":16},"end":{"line":23,"column":2}},"12":{"start":{"line":16,"column":4},"end":{"line":16,"column":25}},"13":{"start":{"line":19,"column":17},"end":{"line":19,"column":101}},"14":{"start":{"line":20,"column":16},"end":{"line":20,"column":47}},"15":{"start":{"line":21,"column":4},"end":{"line":21,"column":30}},"16":{"start":{"line":25,"column":15},"end":{"line":30,"column":2}},"17":{"start":{"line":33,"column":19},"end":{"line":33,"column":67}},"18":{"start":{"line":34,"column":15},"end":{"line":34,"column":65}},"19":{"start":{"line":35,"column":2},"end":{"line":35,"column":55}},"20":{"start":{"line":39,"column":2},"end":{"line":39,"column":25}},"21":{"start":{"line":39,"column":13},"end":{"line":39,"column":25}},"22":{"start":{"line":40,"column":2},"end":{"line":50,"column":4}},"23":{"start":{"line":53,"column":15},"end":{"line":53,"column":31}},"24":{"start":{"line":55,"column":0},"end":{"line":58,"column":3}},"25":{"start":{"line":56,"column":16},"end":{"line":56,"column":72}},"26":{"start":{"line":56,"column":55},"end":{"line":56,"column":71}},"27":{"start":{"line":57,"column":2},"end":{"line":57,"column":22}},"28":{"start":{"line":60,"column":0},"end":{"line":67,"column":3}},"29":{"start":{"line":61,"column":19},"end":{"line":61,"column":29}},"30":{"start":{"line":62,"column":15},"end":{"line":62,"column":41}},"31":{"start":{"line":63,"column":2},"end":{"line":65,"column":3}},"32":{"start":{"line":64,"column":4},"end":{"line":64,"column":63}},"33":{"start":{"line":66,"column":2},"end":{"line":66,"column":51}},"34":{"start":{"line":69,"column":0},"end":{"line":85,"column":3}},"35":{"start":{"line":70,"column":19},"end":{"line":70,"column":29}},"36":{"start":{"line":71,"column":15},"end":{"line":71,"column":41}},"37":{"start":{"line":72,"column":2},"end":{"line":74,"column":3}},"38":{"start":{"line":73,"column":4},"end":{"line":73,"column":63}},"39":{"start":{"line":76,"column":19},"end":{"line":76,"column":58}},"40":{"start":{"line":77,"column":2},"end":{"line":79,"column":3}},"41":{"start":{"line":78,"column":4},"end":{"line":78,"column":73}},"42":{"start":{"line":81,"column":2},"end":{"line":81,"column":36}},"43":{"start":{"line":83,"column":2},"end":{"line":83,"column":41}},"44":{"start":{"line":84,"column":2},"end":{"line":84,"column":36}},"45":{"start":{"line":87,"column":0},"end":{"line":94,"column":3}},"46":{"start":{"line":88,"column":19},"end":{"line":88,"column":29}},"47":{"start":{"line":89,"column":18},"end":{"line":89,"column":58}},"48":{"start":{"line":90,"column":2},"end":{"line":92,"column":3}},"49":{"start":{"line":91,"column":4},"end":{"line":91,"column":63}},"50":{"start":{"line":93,"column":2},"end":{"line":93,"column":31}},"51":{"start":{"line":96,"column":0},"end":{"line":140,"column":3}},"52":{"start":{"line":97,"column":2},"end":{"line":139,"column":5}},"53":{"start":{"line":98,"column":4},"end":{"line":103,"column":5}},"54":{"start":{"line":99,"column":6},"end":{"line":101,"column":7}},"55":{"start":{"line":100,"column":8},"end":{"line":100,"column":82}},"56":{"start":{"line":102,"column":6},"end":{"line":102,"column":60}},"57":{"start":{"line":104,"column":4},"end":{"line":106,"column":5}},"58":{"start":{"line":105,"column":6},"end":{"line":105,"column":23}},"59":{"start":{"line":108,"column":17},"end":{"line":108,"column":25}},"60":{"start":{"line":109,"column":4},"end":{"line":111,"column":5}},"61":{"start":{"line":110,"column":6},"end":{"line":110,"column":68}},"62":{"start":{"line":113,"column":21},"end":{"line":113,"column":46}},"63":{"start":{"line":114,"column":19},"end":{"line":114,"column":49}},"64":{"start":{"line":116,"column":4},"end":{"line":116,"column":57}},"65":{"start":{"line":116,"column":33},"end":{"line":116,"column":55}},"66":{"start":{"line":118,"column":4},"end":{"line":120,"column":7}},"67":{"start":{"line":119,"column":6},"end":{"line":119,"column":22}},"68":{"start":{"line":122,"column":4},"end":{"line":138,"column":7}},"69":{"start":{"line":123,"column":21},"end":{"line":123,"column":43}},"70":{"start":{"line":124,"column":19},"end":{"line":124,"column":38}},"71":{"start":{"line":125,"column":20},"end":{"line":132,"column":8}},"72":{"start":{"line":134,"column":6},"end":{"line":137,"column":9}},"73":{"start":{"line":142,"column":0},"end":{"line":142,"column":24}}},"fnMap":{"0":{"name":"(anonymous_0)","decl":{"start":{"line":15,"column":15},"end":{"line":15,"column":16}},"loc":{"start":{"line":15,"column":36},"end":{"line":17,"column":3}},"line":15},"1":{"name":"(anonymous_1)","decl":{"start":{"line":18,"column":12},"end":{"line":18,"column":13}},"loc":{"start":{"line":18,"column":32},"end":{"line":22,"column":3}},"line":18},"2":{"name":"buildShareLink","decl":{"start":{"line":32,"column":9},"end":{"line":32,"column":23}},"loc":{"start":{"line":32,"column":35},"end":{"line":36,"column":1}},"line":32},"3":{"name":"formatFile","decl":{"start":{"line":38,"column":9},"end":{"line":38,"column":19}},"loc":{"start":{"line":38,"column":31},"end":{"line":51,"column":1}},"line":38},"4":{"name":"(anonymous_4)","decl":{"start":{"line":55,"column":16},"end":{"line":55,"column":17}},"loc":{"start":{"line":55,"column":30},"end":{"line":58,"column":1}},"line":55},"5":{"name":"(anonymous_5)","decl":{"start":{"line":56,"column":45},"end":{"line":56,"column":46}},"loc":{"start":{"line":56,"column":55},"end":{"line":56,"column":71}},"line":56},"6":{"name":"(anonymous_6)","decl":{"start":{"line":60,"column":21},"end":{"line":60,"column":22}},"loc":{"start":{"line":60,"column":35},"end":{"line":67,"column":1}},"line":60},"7":{"name":"(anonymous_7)","decl":{"start":{"line":69,"column":30},"end":{"line":69,"column":31}},"loc":{"start":{"line":69,"column":44},"end":{"line":85,"column":1}},"line":69},"8":{"name":"(anonymous_8)","decl":{"start":{"line":87,"column":24},"end":{"line":87,"column":25}},"loc":{"start":{"line":87,"column":38},"end":{"line":94,"column":1}},"line":87},"9":{"name":"(anonymous_9)","decl":{"start":{"line":96,"column":17},"end":{"line":96,"column":18}},"loc":{"start":{"line":96,"column":37},"end":{"line":140,"column":1}},"line":96},"10":{"name":"(anonymous_10)","decl":{"start":{"line":97,"column":34},"end":{"line":97,"column":35}},"loc":{"start":{"line":97,"column":43},"end":{"line":139,"column":3}},"line":97},"11":{"name":"(anonymous_11)","decl":{"start":{"line":116,"column":22},"end":{"line":116,"column":23}},"loc":{"start":{"line":116,"column":33},"end":{"line":116,"column":55}},"line":116},"12":{"name":"(anonymous_12)","decl":{"start":{"line":118,"column":23},"end":{"line":118,"column":24}},"loc":{"start":{"line":118,"column":38},"end":{"line":120,"column":5}},"line":118},"13":{"name":"(anonymous_13)","decl":{"start":{"line":122,"column":21},"end":{"line":122,"column":22}},"loc":{"start":{"line":122,"column":27},"end":{"line":138,"column":5}},"line":122}},"branchMap":{"0":{"loc":{"start":{"line":33,"column":19},"end":{"line":33,"column":67}},"type":"binary-expr","locations":[{"start":{"line":33,"column":19},"end":{"line":33,"column":51}},{"start":{"line":33,"column":55},"end":{"line":33,"column":67}}],"line":33},"1":{"loc":{"start":{"line":34,"column":15},"end":{"line":34,"column":65}},"type":"binary-expr","locations":[{"start":{"line":34,"column":15},"end":{"line":34,"column":46}},{"start":{"line":34,"column":50},"end":{"line":34,"column":65}}],"line":34},"2":{"loc":{"start":{"line":39,"column":2},"end":{"line":39,"column":25}},"type":"if","locations":[{"start":{"line":39,"column":2},"end":{"line":39,"column":25}},{"start":{},"end":{}}],"line":39},"3":{"loc":{"start":{"line":49,"column":10},"end":{"line":49,"column":63}},"type":"cond-expr","locations":[{"start":{"line":49,"column":16},"end":{"line":49,"column":51}},{"start":{"line":49,"column":54},"end":{"line":49,"column":63}}],"line":49},"4":{"loc":{"start":{"line":63,"column":2},"end":{"line":65,"column":3}},"type":"if","locations":[{"start":{"line":63,"column":2},"end":{"line":65,"column":3}},{"start":{},"end":{}}],"line":63},"5":{"loc":{"start":{"line":72,"column":2},"end":{"line":74,"column":3}},"type":"if","locations":[{"start":{"line":72,"column":2},"end":{"line":74,"column":3}},{"start":{},"end":{}}],"line":72},"6":{"loc":{"start":{"line":77,"column":2},"end":{"line":79,"column":3}},"type":"if","locations":[{"start":{"line":77,"column":2},"end":{"line":79,"column":3}},{"start":{},"end":{}}],"line":77},"7":{"loc":{"start":{"line":90,"column":2},"end":{"line":92,"column":3}},"type":"if","locations":[{"start":{"line":90,"column":2},"end":{"line":92,"column":3}},{"start":{},"end":{}}],"line":90},"8":{"loc":{"start":{"line":98,"column":4},"end":{"line":103,"column":5}},"type":"if","locations":[{"start":{"line":98,"column":4},"end":{"line":103,"column":5}},{"start":{},"end":{}}],"line":98},"9":{"loc":{"start":{"line":99,"column":6},"end":{"line":101,"column":7}},"type":"if","locations":[{"start":{"line":99,"column":6},"end":{"line":101,"column":7}},{"start":{},"end":{}}],"line":99},"10":{"loc":{"start":{"line":104,"column":4},"end":{"line":106,"column":5}},"type":"if","locations":[{"start":{"line":104,"column":4},"end":{"line":106,"column":5}},{"start":{},"end":{}}],"line":104},"11":{"loc":{"start":{"line":109,"column":4},"end":{"line":111,"column":5}},"type":"if","locations":[{"start":{"line":109,"column":4},"end":{"line":111,"column":5}},{"start":{},"end":{}}],"line":109}},"s":{"0":1,"1":1,"2":1,"3":1,"4":1,"5":1,"6":1,"7":1,"8":1,"9":1,"10":1,"11":1,"12":1,"13":1,"14":1,"15":1,"16":1,"17":2,"18":2,"19":2,"20":1,"21":0,"22":1,"23":1,"24":1,"25":0,"26":0,"27":0,"28":1,"29":0,"30":0,"31":0,"32":0,"33":0,"34":1,"35":0,"36":0,"37":0,"38":0,"39":0,"40":0,"41":0,"42":0,"43":0,"44":0,"45":1,"46":1,"47":1,"48":1,"49":0,"50":1,"51":1,"52":1,"53":1,"54":0,"55":0,"56":0,"57":1,"58":0,"59":1,"60":1,"61":0,"62":1,"63":1,"64":1,"65":1,"66":1,"67":0,"68":1,"69":1,"70":1,"71":1,"72":1,"73":1},"f":{"0":1,"1":1,"2":2,"3":1,"4":0,"5":0,"6":0,"7":0,"8":1,"9":1,"10":1,"11":1,"12":0,"13":1},"b":{"0":[2,2],"1":[2,2],"2":[0,1],"3":[1,0],"4":[0,0],"5":[0,0],"6":[0,0],"7":[0,1],"8":[0,1],"9":[0,0],"10":[0,1],"11":[0,1]},"_coverageSchema":"1a1c01bbd47fc00a2c39e90264f33305004495a9","hash":"5ca8d97a028989fb165a97bb2c1b0fe97c8fe26e"}
,"/workspaces/tool/server/src/utils/ensureDir.js": {"path":"/workspaces/tool/server/src/utils/ensureDir.js","statementMap":{"0":{"start":{"line":1,"column":11},"end":{"line":1,"column":24}},"1":{"start":{"line":4,"column":2},"end":{"line":6,"column":3}},"2":{"start":{"line":5,"column":4},"end":{"line":5,"column":44}},"3":{"start":{"line":9,"column":0},"end":{"line":11,"column":2}}},"fnMap":{"0":{"name":"ensureDir","decl":{"start":{"line":3,"column":9},"end":{"line":3,"column":18}},"loc":{"start":{"line":3,"column":25},"end":{"line":7,"column":1}},"line":3}},"branchMap":{"0":{"loc":{"start":{"line":4,"column":2},"end":{"line":6,"column":3}},"type":"if","locations":[{"start":{"line":4,"column":2},"end":{"line":6,"column":3}},{"start":{},"end":{}}],"line":4}},"s":{"0":1,"1":1,"2":1,"3":1},"f":{"0":1},"b":{"0":[1,0]},"_coverageSchema":"1a1c01bbd47fc00a2c39e90264f33305004495a9","hash":"c7d63f13dec94dce45aa7ef458dc06ab97b2ec77"}
,"/workspaces/tool/server/src/utils/generateCode.js": {"path":"/workspaces/tool/server/src/utils/generateCode.js","statementMap":{"0":{"start":{"line":1,"column":15},"end":{"line":1,"column":32}},"1":{"start":{"line":3,"column":17},"end":{"line":3,"column":50}},"2":{"start":{"line":4,"column":23},"end":{"line":4,"column":38}},"3":{"start":{"line":7,"column":22},"end":{"line":7,"column":48}},"4":{"start":{"line":8,"column":13},"end":{"line":8,"column":15}},"5":{"start":{"line":9,"column":2},"end":{"line":12,"column":3}},"6":{"start":{"line":9,"column":15},"end":{"line":9,"column":16}},"7":{"start":{"line":10,"column":18},"end":{"line":10,"column":49}},"8":{"start":{"line":11,"column":4},"end":{"line":11,"column":28}},"9":{"start":{"line":13,"column":2},"end":{"line":13,"column":14}},"10":{"start":{"line":16,"column":0},"end":{"line":18,"column":2}}},"fnMap":{"0":{"name":"generateShareCode","decl":{"start":{"line":6,"column":9},"end":{"line":6,"column":26}},"loc":{"start":{"line":6,"column":39},"end":{"line":14,"column":1}},"line":6}},"branchMap":{"0":{"loc":{"start":{"line":6,"column":27},"end":{"line":6,"column":37}},"type":"default-arg","locations":[{"start":{"line":6,"column":36},"end":{"line":6,"column":37}}],"line":6}},"s":{"0":2,"1":2,"2":2,"3":22,"4":22,"5":22,"6":22,"7":176,"8":176,"9":22,"10":2},"f":{"0":22},"b":{"0":[22]},"_coverageSchema":"1a1c01bbd47fc00a2c39e90264f33305004495a9","hash":"ee6470cd2deb41b82ed668a62b37a51196bdee97"}
}
