TN:
SF:src/app.js
FN:23,(anonymous_0)
FN:30,(anonymous_1)
FNF:2
FNH:1
FNDA:1,(anonymous_0)
FNDA:0,(anonymous_1)
DA:1,1
DA:2,1
DA:3,1
DA:4,1
DA:5,1
DA:6,1
DA:8,1
DA:10,1
DA:13,1
DA:17,1
DA:18,1
DA:20,1
DA:21,1
DA:23,1
DA:24,1
DA:27,1
DA:30,1
DA:31,0
DA:32,0
DA:35,1
LF:20
LH:18
BRDA:14,0,0,1
BRDA:14,0,1,0
BRF:2
BRH:1
end_of_record
TN:
SF:src/db.js
FN:11,getDb
FN:38,closeDb
FNF:2
FNH:2
FNDA:4,getDb
FNDA:1,closeDb
DA:1,1
DA:2,1
DA:3,1
DA:5,1
DA:6,1
DA:7,1
DA:12,4
DA:13,1
DA:14,1
DA:16,0
DA:17,0
DA:19,1
DA:20,1
DA:35,4
DA:39,1
DA:40,1
DA:41,1
DA:45,1
LF:18
LH:16
BRDA:12,0,0,1
BRDA:12,0,1,3
BRDA:13,1,0,1
BRDA:13,1,1,0
BRDA:39,2,0,1
BRDA:39,2,1,0
BRF:6
BRH:4
end_of_record
TN:
SF:src/models/fileModel.js
FN:6,insertFile
FN:27,findById
FN:32,findByCode
FN:37,listRecent
FN:44,incrementDownload
FN:50,deleteByCode
FNF:6
FNH:4
FNDA:1,insertFile
FNDA:1,findById
FNDA:1,findByCode
FNDA:0,listRecent
FNDA:0,incrementDownload
FNDA:1,deleteByCode
DA:1,1
DA:2,1
DA:3,1
DA:4,1
DA:7,1
DA:8,1
DA:9,1
DA:14,1
DA:24,1
DA:28,1
DA:29,1
DA:33,1
DA:34,1
DA:38,0
DA:39,0
DA:45,0
DA:46,0
DA:47,0
DA:51,1
DA:52,1
DA:53,1
DA:54,1
DA:55,1
DA:56,1
DA:58,1
DA:59,1
DA:60,1
DA:63,1
LF:28
LH:23
BRDA:20,0,0,1
BRDA:20,0,1,0
BRDA:21,1,0,1
BRDA:21,1,1,0
BRDA:37,2,0,0
BRDA:53,3,0,0
BRDA:53,3,1,1
BRDA:55,4,0,1
BRDA:55,4,1,0
BRF:9
BRH:4
end_of_record
TN:
SF:src/routes/files.js
FN:15,(anonymous_0)
FN:18,(anonymous_1)
FN:32,buildShareLink
FN:38,formatFile
FN:55,(anonymous_4)
FN:56,(anonymous_5)
FN:60,(anonymous_6)
FN:69,(anonymous_7)
FN:87,(anonymous_8)
FN:96,(anonymous_9)
FN:97,(anonymous_10)
FN:116,(anonymous_11)
FN:118,(anonymous_12)
FN:122,(anonymous_13)
FNF:14
FNH:9
FNDA:1,(anonymous_0)
FNDA:1,(anonymous_1)
FNDA:2,buildShareLink
FNDA:1,formatFile
FNDA:0,(anonymous_4)
FNDA:0,(anonymous_5)
FNDA:0,(anonymous_6)
FNDA:0,(anonymous_7)
FNDA:1,(anonymous_8)
FNDA:1,(anonymous_9)
FNDA:1,(anonymous_10)
FNDA:1,(anonymous_11)
FNDA:0,(anonymous_12)
FNDA:1,(anonymous_13)
DA:1,1
DA:2,1
DA:3,1
DA:4,1
DA:5,1
DA:6,1
DA:7,1
DA:8,1
DA:10,1
DA:11,1
DA:12,1
DA:14,1
DA:16,1
DA:19,1
DA:20,1
DA:21,1
DA:25,1
DA:33,2
DA:34,2
DA:35,2
DA:39,1
DA:40,1
DA:53,1
DA:55,1
DA:56,0
DA:57,0
DA:60,1
DA:61,0
DA:62,0
DA:63,0
DA:64,0
DA:66,0
DA:69,1
DA:70,0
DA:71,0
DA:72,0
DA:73,0
DA:76,0
DA:77,0
DA:78,0
DA:81,0
DA:83,0
DA:84,0
DA:87,1
DA:88,1
DA:89,1
DA:90,1
DA:91,0
DA:93,1
DA:96,1
DA:97,1
DA:98,1
DA:99,0
DA:100,0
DA:102,0
DA:104,1
DA:105,0
DA:108,1
DA:109,1
DA:110,0
DA:113,1
DA:114,1
DA:116,1
DA:118,1
DA:119,0
DA:122,1
DA:123,1
DA:124,1
DA:125,1
DA:134,1
DA:142,1
LF:71
LH:47
BRDA:33,0,0,2
BRDA:33,0,1,2
BRDA:34,1,0,2
BRDA:34,1,1,2
BRDA:39,2,0,0
BRDA:39,2,1,1
BRDA:49,3,0,1
BRDA:49,3,1,0
BRDA:63,4,0,0
BRDA:63,4,1,0
BRDA:72,5,0,0
BRDA:72,5,1,0
BRDA:77,6,0,0
BRDA:77,6,1,0
BRDA:90,7,0,0
BRDA:90,7,1,1
BRDA:98,8,0,0
BRDA:98,8,1,1
BRDA:99,9,0,0
BRDA:99,9,1,0
BRDA:104,10,0,0
BRDA:104,10,1,1
BRDA:109,11,0,0
BRDA:109,11,1,1
BRF:24
BRH:10
end_of_record
TN:
SF:src/utils/ensureDir.js
FN:3,ensureDir
FNF:1
FNH:1
FNDA:1,ensureDir
DA:1,1
DA:4,1
DA:5,1
DA:9,1
LF:4
LH:4
BRDA:4,0,0,1
BRDA:4,0,1,0
BRF:2
BRH:1
end_of_record
TN:
SF:src/utils/generateCode.js
FN:6,generateShareCode
FNF:1
FNH:1
FNDA:22,generateShareCode
DA:1,2
DA:3,2
DA:4,2
DA:7,22
DA:8,22
DA:9,22
DA:10,176
DA:11,176
DA:13,22
DA:16,2
LF:10
LH:10
BRDA:6,0,0,22
BRF:1
BRH:1
end_of_record
